#
# There is insufficient memory for the Java Runtime Environment to continue.
# Native memory allocation (malloc) failed to allocate 478096 bytes for Chunk::new
# Possible reasons:
#   The system is out of physical RAM or swap space
#   The process is running with CompressedOops enabled, and the Java Heap may be blocking the growth of the native heap
# Possible solutions:
#   Reduce memory load on the system
#   Increase physical memory or swap space
#   Check if swap backing store is full
#   Decrease Java heap size (-Xmx/-Xms)
#   Decrease number of Java threads
#   Decrease Java thread stack sizes (-Xss)
#   Set larger code cache with -XX:ReservedCodeCacheSize=
#   JVM is running with Zero Based Compressed Oops mode in which the Java heap is
#     placed in the first 32GB address space. The Java Heap base address is the
#     maximum limit for the native heap growth. Please use -XX:HeapBaseMinAddress
#     to set the Java Heap base and to place the Java Heap above 32GB virtual address.
# This output file may be truncated or incomplete.
#
#  Out of Memory Error (arena.cpp:168), pid=3104, tid=7932
#
# JRE version: Java(TM) SE Runtime Environment (21.0.7+8) (build 21.0.7+8-LTS-245)
# Java VM: Java HotSpot(TM) 64-Bit Server VM (21.0.7+8-LTS-245, mixed mode, sharing, tiered, compressed oops, compressed class ptrs, g1 gc, windows-amd64)
# No core dump will be written. Minidumps are not enabled by default on client versions of Windows
#

---------------  S U M M A R Y ------------

Command Line: -javaagent:C:\Users\merte\AppData\Local\JetBrains\IdeaIC2025.2\captureAgent\debugger-agent.jar=file:///C:/Users/merte/AppData/Local/Temp/capture9018856345467701778.props -ea -Didea.test.cyclic.buffer.size=1048576 -javaagent:D:\Program Files\JetBrains\IntelliJ IDEA Community Edition 2025.2\lib\idea_rt.jar=1385 -Dkotlinx.coroutines.debug.enable.creation.stack.trace=false -Ddebugger.agent.enable.coroutines=true -Dkotlinx.coroutines.debug.enable.flows.stack.trace=true -Dkotlinx.coroutines.debug.enable.mutable.state.flows.stack.trace=true -Dfile.encoding=UTF-8 -Dsun.stdout.encoding=UTF-8 -Dsun.stderr.encoding=UTF-8 com.intellij.rt.junit.JUnitStarter -ideVersion5 -junit5 com.finledger.settlement_service.adapter.ProcessedMessageRepositoryAdapterConcurrencyIT

Host: AMD Ryzen 5 4600H with Radeon Graphics         , 12 cores, 15G,  Windows 10 , 64 bit Build 19041 (10.0.19041.5915)
Time: Thu Sep 11 00:31:05 2025 GMT Yaz Saati elapsed time: 87.774155 seconds (0d 0h 1m 27s)

---------------  T H R E A D  ---------------

Current thread (0x000001b83b8bc0c0):  JavaThread "C2 CompilerThread0" daemon [_thread_in_native, id=7932, stack(0x0000003693900000,0x0000003693a00000) (1024K)]


Current CompileTask:
C2:  87774 4636   !   4       java.net.URL::<init> (543 bytes)

Stack: [0x0000003693900000,0x0000003693a00000]
Native frames: (J=compiled Java code, j=interpreted, Vv=VM code, C=native code)
V  [jvm.dll+0x6cae19]
V  [jvm.dll+0x855741]
V  [jvm.dll+0x857c6e]
V  [jvm.dll+0x858343]
V  [jvm.dll+0x27e0b6]
V  [jvm.dll+0xc4ecd]
V  [jvm.dll+0xc5403]
V  [jvm.dll+0x2f145d]
V  [jvm.dll+0x5f5a8a]
V  [jvm.dll+0x24fbc2]
V  [jvm.dll+0x2487a3]
V  [jvm.dll+0x246004]
V  [jvm.dll+0x1c6efe]
V  [jvm.dll+0x255819]
V  [jvm.dll+0x253daa]
V  [jvm.dll+0x3eebb6]
V  [jvm.dll+0x7ffa1b]
V  [jvm.dll+0x6c94fd]
C  [ucrtbase.dll+0x21bb2]
C  [KERNEL32.DLL+0x17374]
C  [ntdll.dll+0x4cc91]


---------------  P R O C E S S  ---------------

Threads class SMR info:
_java_thread_list=0x000001b87f6ea990, length=33, elements={
0x000001b81c595f50, 0x000001b83b8b48f0, 0x000001b83b8b5600, 0x000001b83b8b7440,
0x000001b83b8b7e90, 0x000001b83b8b88e0, 0x000001b83b8b9330, 0x000001b83b8bc0c0,
0x000001b83b8beb60, 0x000001b83bb9af50, 0x000001b83bc27b80, 0x000001b87d1164d0,
0x000001b87d1171f0, 0x000001b87ef73ab0, 0x000001b87ef719e0, 0x000001b87ef73420,
0x000001b87ef74140, 0x000001b87ef747d0, 0x000001b87ef74e60, 0x000001b87ef72070,
0x000001b87f126a20, 0x000001b87f122f10, 0x000001b87f124fe0, 0x000001b87f125670,
0x000001b87f129810, 0x000001b87f1270b0, 0x000001b87f127dd0, 0x000001b87f1235a0,
0x000001b87f126390, 0x000001b87f12a530, 0x000001b87df65890, 0x000001b8047611b0,
0x000001b804047fc0
}

Java Threads: ( => current thread )
  0x000001b81c595f50 JavaThread "main"                              [_thread_in_Java, id=11252, stack(0x0000003692b00000,0x0000003692c00000) (1024K)]
  0x000001b83b8b48f0 JavaThread "Reference Handler"          daemon [_thread_blocked, id=760, stack(0x0000003693300000,0x0000003693400000) (1024K)]
  0x000001b83b8b5600 JavaThread "Finalizer"                  daemon [_thread_blocked, id=572, stack(0x0000003693400000,0x0000003693500000) (1024K)]
  0x000001b83b8b7440 JavaThread "Signal Dispatcher"          daemon [_thread_blocked, id=15736, stack(0x0000003693500000,0x0000003693600000) (1024K)]
  0x000001b83b8b7e90 JavaThread "Attach Listener"            daemon [_thread_blocked, id=14392, stack(0x0000003693600000,0x0000003693700000) (1024K)]
  0x000001b83b8b88e0 JavaThread "Service Thread"             daemon [_thread_blocked, id=14784, stack(0x0000003693700000,0x0000003693800000) (1024K)]
  0x000001b83b8b9330 JavaThread "Monitor Deflation Thread"   daemon [_thread_blocked, id=18444, stack(0x0000003693800000,0x0000003693900000) (1024K)]
=>0x000001b83b8bc0c0 JavaThread "C2 CompilerThread0"         daemon [_thread_in_native, id=7932, stack(0x0000003693900000,0x0000003693a00000) (1024K)]
  0x000001b83b8beb60 JavaThread "C1 CompilerThread0"         daemon [_thread_in_native, id=17752, stack(0x0000003693a00000,0x0000003693b00000) (1024K)]
  0x000001b83bb9af50 JavaThread "Common-Cleaner"             daemon [_thread_blocked, id=14028, stack(0x0000003693b00000,0x0000003693c00000) (1024K)]
  0x000001b83bc27b80 JavaThread "IntelliJ Suspend Helper"    daemon [_thread_blocked, id=3236, stack(0x0000003693d00000,0x0000003693e00000) (1024K)]
  0x000001b87d1164d0 JavaThread "Monitor Ctrl-Break"         daemon [_thread_in_native, id=14016, stack(0x0000003693e00000,0x0000003693f00000) (1024K)]
  0x000001b87d1171f0 JavaThread "Notification Thread"        daemon [_thread_blocked, id=5124, stack(0x0000003693f00000,0x0000003694000000) (1024K)]
  0x000001b87ef73ab0 JavaThread "Thread-0"                   daemon [_thread_in_native, id=17612, stack(0x0000003694800000,0x0000003694900000) (1024K)]
  0x000001b87ef719e0 JavaThread "Thread-1"                   daemon [_thread_in_native, id=11364, stack(0x0000003694900000,0x0000003694a00000) (1024K)]
  0x000001b87ef73420 JavaThread "Thread-2"                   daemon [_thread_in_native, id=13984, stack(0x0000003694a00000,0x0000003694b00000) (1024K)]
  0x000001b87ef74140 JavaThread "Thread-3"                   daemon [_thread_in_native, id=7856, stack(0x0000003694b00000,0x0000003694c00000) (1024K)]
  0x000001b87ef747d0 JavaThread "Thread-4"                   daemon [_thread_in_native, id=14772, stack(0x0000003694c00000,0x0000003694d00000) (1024K)]
  0x000001b87ef74e60 JavaThread "Thread-5"                   daemon [_thread_in_native, id=19236, stack(0x0000003694d00000,0x0000003694e00000) (1024K)]
  0x000001b87ef72070 JavaThread "Thread-6"                   daemon [_thread_in_native, id=8240, stack(0x0000003694e00000,0x0000003694f00000) (1024K)]
  0x000001b87f126a20 JavaThread "Thread-7"                   daemon [_thread_in_native, id=15648, stack(0x0000003694f00000,0x0000003695000000) (1024K)]
  0x000001b87f122f10 JavaThread "Thread-8"                   daemon [_thread_in_native, id=7256, stack(0x0000003695000000,0x0000003695100000) (1024K)]
  0x000001b87f124fe0 JavaThread "Thread-9"                   daemon [_thread_in_native, id=7240, stack(0x0000003695100000,0x0000003695200000) (1024K)]
  0x000001b87f125670 JavaThread "Thread-10"                  daemon [_thread_in_native, id=19244, stack(0x0000003695200000,0x0000003695300000) (1024K)]
  0x000001b87f129810 JavaThread "Thread-11"                  daemon [_thread_in_native, id=560, stack(0x0000003695300000,0x0000003695400000) (1024K)]
  0x000001b87f1270b0 JavaThread "Thread-12"                  daemon [_thread_in_native, id=8016, stack(0x0000003695400000,0x0000003695500000) (1024K)]
  0x000001b87f127dd0 JavaThread "testcontainers-pull-watchdog-1" daemon [_thread_blocked, id=14424, stack(0x0000003695900000,0x0000003695a00000) (1024K)]
  0x000001b87f1235a0 JavaThread "testcontainers-ryuk"        daemon [_thread_blocked, id=12964, stack(0x0000003693c00000,0x0000003693d00000) (1024K)]
  0x000001b87f126390 JavaThread "Thread-19"                  daemon [_thread_blocked, id=19092, stack(0x0000003692900000,0x0000003692a00000) (1024K)]
  0x000001b87f12a530 JavaThread "Thread-20"                  daemon [_thread_blocked, id=15496, stack(0x0000003692a00000,0x0000003692b00000) (1024K)]
  0x000001b87df65890 JavaThread "C2 CompilerThread1"         daemon [_thread_in_vm, id=19228, stack(0x0000003692800000,0x0000003692900000) (1024K)]
  0x000001b8047611b0 JavaThread "background-preinit"                [_thread_in_vm, id=4872, stack(0x0000003695800000,0x0000003695900000) (1024K)]
  0x000001b804047fc0 JavaThread "C2 CompilerThread2"         daemon [_thread_in_native, id=18268, stack(0x0000003695a00000,0x0000003695b00000) (1024K)]
Total: 33

Other Threads:
  0x000001b83b898aa0 VMThread "VM Thread"                           [id=13024, stack(0x0000003693200000,0x0000003693300000) (1024K)]
  0x000001b83b888320 WatcherThread "VM Periodic Task Thread"        [id=1444, stack(0x0000003693100000,0x0000003693200000) (1024K)]
  0x000001b81c5fdf90 WorkerThread "GC Thread#0"                     [id=16464, stack(0x0000003692c00000,0x0000003692d00000) (1024K)]
  0x000001b87dabc910 WorkerThread "GC Thread#1"                     [id=13492, stack(0x0000003694000000,0x0000003694100000) (1024K)]
  0x000001b87da3e890 WorkerThread "GC Thread#2"                     [id=18736, stack(0x0000003694100000,0x0000003694200000) (1024K)]
  0x000001b87da99c10 WorkerThread "GC Thread#3"                     [id=13604, stack(0x0000003694200000,0x0000003694300000) (1024K)]
  0x000001b87da8ed80 WorkerThread "GC Thread#4"                     [id=16284, stack(0x0000003694300000,0x0000003694400000) (1024K)]
  0x000001b87e1a9700 WorkerThread "GC Thread#5"                     [id=8876, stack(0x0000003694400000,0x0000003694500000) (1024K)]
  0x000001b87e1a9360 WorkerThread "GC Thread#6"                     [id=7784, stack(0x0000003694500000,0x0000003694600000) (1024K)]
  0x000001b87e1a84e0 WorkerThread "GC Thread#7"                     [id=12140, stack(0x0000003694600000,0x0000003694700000) (1024K)]
  0x000001b87e62b1f0 WorkerThread "GC Thread#8"                     [id=14840, stack(0x0000003694700000,0x0000003694800000) (1024K)]
  0x000001b87e62b590 WorkerThread "GC Thread#9"                     [id=3660, stack(0x0000003695500000,0x0000003695600000) (1024K)]
  0x000001b81c60e6b0 ConcurrentGCThread "G1 Main Marker"            [id=19192, stack(0x0000003692d00000,0x0000003692e00000) (1024K)]
  0x000001b81c611770 WorkerThread "G1 Conc#0"                       [id=4108, stack(0x0000003692e00000,0x0000003692f00000) (1024K)]
  0x000001b87e62b930 WorkerThread "G1 Conc#1"                       [id=2732, stack(0x0000003695600000,0x0000003695700000) (1024K)]
  0x000001b87e62c070 WorkerThread "G1 Conc#2"                       [id=8172, stack(0x0000003695700000,0x0000003695800000) (1024K)]
  0x000001b83b754c10 ConcurrentGCThread "G1 Refine#0"               [id=7236, stack(0x0000003692f00000,0x0000003693000000) (1024K)]
  0x000001b83b755590 ConcurrentGCThread "G1 Service"                [id=16456, stack(0x0000003693000000,0x0000003693100000) (1024K)]
Total: 18

Threads with active compile tasks:
C2 CompilerThread0    87797 4636   !   4       java.net.URL::<init> (543 bytes)
C1 CompilerThread0    87797 4663   !   3       org.springframework.core.annotation.TypeMappedAnnotation::createIfPossible (92 bytes)
C2 CompilerThread2    87797 4644   !   4       java.util.concurrent.ConcurrentHashMap::putVal (432 bytes)
Total: 3

VM state: not at safepoint (normal execution)

VM Mutex/Monitor currently owned by a thread: None

Heap address: 0x000000070a000000, size: 3936 MB, Compressed Oops mode: Zero based, Oop shift amount: 3

CDS archive(s) mapped at: [0x000001b83c000000-0x000001b83cc90000-0x000001b83cc90000), size 13172736, SharedBaseAddress: 0x000001b83c000000, ArchiveRelocationMode: 1.
Compressed class space mapped at: 0x000001b83d000000-0x000001b87d000000, reserved size: 1073741824
Narrow klass base: 0x000001b83c000000, Narrow klass shift: 0, Narrow klass range: 0x100000000

GC Precious Log:
 CardTable entry size: 512
 Card Set container configuration: InlinePtr #cards 4 size 8 Array Of Cards #cards 16 size 48 Howl #buckets 8 coarsen threshold 3686 Howl Bitmap #cards 512 size 80 coarsen threshold 460 Card regions per heap region 1 cards per card region 4096
 CPUs: 12 total, 12 available
 Memory: 15741M
 Large Page Support: Disabled
 NUMA Support: Disabled
 Compressed Oops: Enabled (Zero based)
 Heap Region Size: 2M
 Heap Min Capacity: 8M
 Heap Initial Capacity: 246M
 Heap Max Capacity: 3936M
 Pre-touch: Disabled
 Parallel Workers: 10
 Concurrent Workers: 3
 Concurrent Refinement Workers: 10
 Periodic GC: Disabled

Heap:
 garbage-first heap   total 79872K, used 45392K [0x000000070a000000, 0x0000000800000000)
  region size 2048K, 15 young (30720K), 2 survivors (4096K)
 Metaspace       used 39876K, committed 40320K, reserved 1114112K
  class space    used 4792K, committed 4992K, reserved 1048576K

Heap Regions: E=young(eden), S=young(survivor), O=old, HS=humongous(starts), HC=humongous(continues), CS=collection set, F=free, TAMS=top-at-mark-start, PB=parsable bottom
|   0|0x000000070a000000, 0x000000070a200000, 0x000000070a200000|100%|HS|  |TAMS 0x000000070a000000| PB 0x000000070a000000| Complete 
|   1|0x000000070a200000, 0x000000070a400000, 0x000000070a400000|100%| O|  |TAMS 0x000000070a200000| PB 0x000000070a200000| Untracked 
|   2|0x000000070a400000, 0x000000070a600000, 0x000000070a600000|100%| O|  |TAMS 0x000000070a400000| PB 0x000000070a400000| Untracked 
|   3|0x000000070a600000, 0x000000070a800000, 0x000000070a800000|100%| O|  |TAMS 0x000000070a600000| PB 0x000000070a600000| Untracked 
|   4|0x000000070a800000, 0x000000070aa00000, 0x000000070aa00000|100%| O|  |TAMS 0x000000070a800000| PB 0x000000070a800000| Untracked 
|   5|0x000000070aa00000, 0x000000070aa00000, 0x000000070ac00000|  0%| F|  |TAMS 0x000000070aa00000| PB 0x000000070aa00000| Untracked 
|   6|0x000000070ac00000, 0x000000070ae00000, 0x000000070ae00000|100%| O|  |TAMS 0x000000070ac00000| PB 0x000000070ac00000| Untracked 
|   7|0x000000070ae00000, 0x000000070b000000, 0x000000070b000000|100%| O|  |TAMS 0x000000070ae00000| PB 0x000000070ae00000| Untracked 
|   8|0x000000070b000000, 0x000000070b200000, 0x000000070b200000|100%| O|  |TAMS 0x000000070b000000| PB 0x000000070b000000| Untracked 
|   9|0x000000070b200000, 0x000000070b400000, 0x000000070b400000|100%| O|  |TAMS 0x000000070b200000| PB 0x000000070b200000| Untracked 
|  10|0x000000070b400000, 0x000000070b600000, 0x000000070b600000|100%| O|Cm|TAMS 0x000000070b400000| PB 0x000000070b400000| Complete 
|  11|0x000000070b600000, 0x000000070b600000, 0x000000070b800000|  0%| F|  |TAMS 0x000000070b600000| PB 0x000000070b600000| Untracked 
|  12|0x000000070b800000, 0x000000070b800000, 0x000000070ba00000|  0%| F|  |TAMS 0x000000070b800000| PB 0x000000070b800000| Untracked 
|  13|0x000000070ba00000, 0x000000070ba00000, 0x000000070bc00000|  0%| F|  |TAMS 0x000000070ba00000| PB 0x000000070ba00000| Untracked 
|  14|0x000000070bc00000, 0x000000070bc00000, 0x000000070be00000|  0%| F|  |TAMS 0x000000070bc00000| PB 0x000000070bc00000| Untracked 
|  15|0x000000070be00000, 0x000000070be00000, 0x000000070c000000|  0%| F|  |TAMS 0x000000070be00000| PB 0x000000070be00000| Untracked 
|  16|0x000000070c000000, 0x000000070c000000, 0x000000070c200000|  0%| F|  |TAMS 0x000000070c000000| PB 0x000000070c000000| Untracked 
|  17|0x000000070c200000, 0x000000070c200000, 0x000000070c400000|  0%| F|  |TAMS 0x000000070c200000| PB 0x000000070c200000| Untracked 
|  18|0x000000070c400000, 0x000000070c400000, 0x000000070c600000|  0%| F|  |TAMS 0x000000070c400000| PB 0x000000070c400000| Untracked 
|  19|0x000000070c600000, 0x000000070c600000, 0x000000070c800000|  0%| F|  |TAMS 0x000000070c600000| PB 0x000000070c600000| Untracked 
|  20|0x000000070c800000, 0x000000070c800000, 0x000000070ca00000|  0%| F|  |TAMS 0x000000070c800000| PB 0x000000070c800000| Untracked 
|  21|0x000000070ca00000, 0x000000070ca00000, 0x000000070cc00000|  0%| F|  |TAMS 0x000000070ca00000| PB 0x000000070ca00000| Untracked 
|  22|0x000000070cc00000, 0x000000070cc00000, 0x000000070ce00000|  0%| F|  |TAMS 0x000000070cc00000| PB 0x000000070cc00000| Untracked 
|  23|0x000000070ce00000, 0x000000070ce00000, 0x000000070d000000|  0%| F|  |TAMS 0x000000070ce00000| PB 0x000000070ce00000| Untracked 
|  24|0x000000070d000000, 0x000000070d1c4928, 0x000000070d200000| 88%| E|  |TAMS 0x000000070d000000| PB 0x000000070d000000| Complete 
|  25|0x000000070d200000, 0x000000070d400000, 0x000000070d400000|100%| E|  |TAMS 0x000000070d200000| PB 0x000000070d200000| Complete 
|  26|0x000000070d400000, 0x000000070d600000, 0x000000070d600000|100%| E|CS|TAMS 0x000000070d400000| PB 0x000000070d400000| Complete 
|  27|0x000000070d600000, 0x000000070d800000, 0x000000070d800000|100%| E|CS|TAMS 0x000000070d600000| PB 0x000000070d600000| Complete 
|  28|0x000000070d800000, 0x000000070da00000, 0x000000070da00000|100%| E|CS|TAMS 0x000000070d800000| PB 0x000000070d800000| Complete 
|  29|0x000000070da00000, 0x000000070dc00000, 0x000000070dc00000|100%| E|CS|TAMS 0x000000070da00000| PB 0x000000070da00000| Complete 
|  30|0x000000070dc00000, 0x000000070de00000, 0x000000070de00000|100%| E|CS|TAMS 0x000000070dc00000| PB 0x000000070dc00000| Complete 
|  31|0x000000070de00000, 0x000000070e000000, 0x000000070e000000|100%| E|CS|TAMS 0x000000070de00000| PB 0x000000070de00000| Complete 
|  32|0x000000070e000000, 0x000000070e200000, 0x000000070e200000|100%| E|CS|TAMS 0x000000070e000000| PB 0x000000070e000000| Complete 
|  33|0x000000070e200000, 0x000000070e400000, 0x000000070e400000|100%| E|CS|TAMS 0x000000070e200000| PB 0x000000070e200000| Complete 
|  34|0x000000070e400000, 0x000000070e600000, 0x000000070e600000|100%| E|CS|TAMS 0x000000070e400000| PB 0x000000070e400000| Complete 
|  94|0x0000000715c00000, 0x0000000715c54060, 0x0000000715e00000| 16%| S|CS|TAMS 0x0000000715c00000| PB 0x0000000715c00000| Complete 
|  95|0x0000000715e00000, 0x0000000716000000, 0x0000000716000000|100%| S|CS|TAMS 0x0000000715e00000| PB 0x0000000715e00000| Complete 
|  96|0x0000000716000000, 0x0000000716200000, 0x0000000716200000|100%| E|CS|TAMS 0x0000000716000000| PB 0x0000000716000000| Complete 
| 122|0x0000000719400000, 0x0000000719600000, 0x0000000719600000|100%| E|CS|TAMS 0x0000000719400000| PB 0x0000000719400000| Complete 

Card table byte_map: [0x000001b834720000,0x000001b834ed0000] _byte_map_base: 0x000001b830ed0000

Marking Bits: (CMBitMap*) 0x000001b81c5fe5a0
 Bits: [0x000001b834ed0000, 0x000001b838c50000)

Polling page: 0x000001b81a500000

Metaspace:

Usage:
  Non-class:     34.27 MB used.
      Class:      4.68 MB used.
       Both:     38.95 MB used.

Virtual space:
  Non-class space:       64.00 MB reserved,      34.50 MB ( 54%) committed,  1 nodes.
      Class space:        1.00 GB reserved,       4.88 MB ( <1%) committed,  1 nodes.
             Both:        1.06 GB reserved,      39.38 MB (  4%) committed. 

Chunk freelists:
   Non-Class:  13.38 MB
       Class:  11.12 MB
        Both:  24.50 MB

MaxMetaspaceSize: unlimited
CompressedClassSpaceSize: 1.00 GB
Initial GC threshold: 21.00 MB
Current GC threshold: 59.31 MB
CDS: on
 - commit_granule_bytes: 65536.
 - commit_granule_words: 8192.
 - virtual_space_node_default_size: 8388608.
 - enlarge_chunks_in_place: 1.
 - use_allocation_guard: 0.


Internal statistics:

num_allocs_failed_limit: 11.
num_arena_births: 490.
num_arena_deaths: 0.
num_vsnodes_births: 2.
num_vsnodes_deaths: 0.
num_space_committed: 631.
num_space_uncommitted: 0.
num_chunks_returned_to_freelist: 11.
num_chunks_taken_from_freelist: 1724.
num_chunk_merges: 11.
num_chunk_splits: 1190.
num_chunks_enlarged: 907.
num_inconsistent_stats: 0.

CodeHeap 'non-profiled nmethods': size=120000Kb used=1864Kb max_used=1864Kb free=118135Kb
 bounds [0x000001b82c4f0000, 0x000001b82c760000, 0x000001b833a20000]
CodeHeap 'profiled nmethods': size=120000Kb used=8683Kb max_used=8811Kb free=111316Kb
 bounds [0x000001b824a20000, 0x000001b8252e0000, 0x000001b82bf50000]
CodeHeap 'non-nmethods': size=5760Kb used=1522Kb max_used=1567Kb free=4237Kb
 bounds [0x000001b82bf50000, 0x000001b82c1c0000, 0x000001b82c4f0000]
 total_blobs=4926 nmethods=4332 adapters=497
 compilation: enabled
              stopped_count=0, restarted_count=0
 full_count=0

Compilation events (20 events):
Event: 87.736 Thread 0x000001b83b8beb60 4635       3       org.springframework.boot.context.properties.source.ConfigurationPropertyName::lambda$buildToString$4 (16 bytes)
Event: 87.736 Thread 0x000001b83b8beb60 nmethod 4635 0x000001b824cba690 code [0x000001b824cba840, 0x000001b824cba9d8]
Event: 87.738 Thread 0x000001b83b8bc0c0 4636   !   4       java.net.URL::<init> (543 bytes)
Event: 87.743 Thread 0x000001b87df65890 nmethod 4618 0x000001b82c6bad10 code [0x000001b82c6bafc0, 0x000001b82c6bc848]
Event: 87.745 Thread 0x000001b87df65890 4637       4       java.util.jar.Manifest$FastInputStream::peek (38 bytes)
Event: 87.746 Thread 0x000001b87df65890 nmethod 4637 0x000001b82c5ae110 code [0x000001b82c5ae2a0, 0x000001b82c5ae398]
Event: 87.750 Thread 0x000001b87df65890 4638       4       java.util.regex.Pattern::peek (26 bytes)
Event: 87.751 Thread 0x000001b87df65890 nmethod 4638 0x000001b82c5add90 code [0x000001b82c5adf20, 0x000001b82c5ae028]
Event: 87.762 Thread 0x000001b83b8beb60 4639       3       java.lang.invoke.DirectMethodHandle$Holder::invokeStatic (14 bytes)
Event: 87.762 Thread 0x000001b83b8beb60 nmethod 4639 0x000001b824a8b710 code [0x000001b824a8b8e0, 0x000001b824a8bd30]
Event: 87.766 Thread 0x000001b83b8beb60 4640       3       jdk.internal.loader.URLClassPath$1::hasMoreElements (5 bytes)
Event: 87.766 Thread 0x000001b83b8beb60 nmethod 4640 0x000001b824a8b390 code [0x000001b824a8b540, 0x000001b824a8b678]
Event: 87.766 Thread 0x000001b83b8beb60 4641       3       java.lang.CompoundEnumeration::next (58 bytes)
Event: 87.766 Thread 0x000001b83b8beb60 nmethod 4641 0x000001b824a8ad10 code [0x000001b824a8aee0, 0x000001b824a8b230]
Event: 87.768 Thread 0x000001b83b8beb60 4642       3       java.io.FilterInputStream::read (11 bytes)
Event: 87.768 Thread 0x000001b83b8beb60 nmethod 4642 0x000001b824a8a890 code [0x000001b824a8aa40, 0x000001b824a8ac20]
Event: 87.769 Thread 0x000001b87df65890 4643       4       java.lang.Integer::numberOfLeadingZeros (79 bytes)
Event: 87.770 Thread 0x000001b804047fc0 4644   !   4       java.util.concurrent.ConcurrentHashMap::putVal (432 bytes)
Event: 87.770 Thread 0x000001b87df65890 nmethod 4643 0x000001b82c5ada90 code [0x000001b82c5adc00, 0x000001b82c5adcc0]
Event: 87.770 Thread 0x000001b87df65890 4645       4       java.util.concurrent.ConcurrentHashMap::addCount (280 bytes)

GC Heap History (12 events):
Event: 0.680 GC heap before
{Heap before GC invocations=0 (full 0):
 garbage-first heap   total 251904K, used 22528K [0x000000070a000000, 0x0000000800000000)
  region size 2048K, 11 young (22528K), 0 survivors (0K)
 Metaspace       used 5887K, committed 6016K, reserved 1114112K
  class space    used 545K, committed 640K, reserved 1048576K
}
Event: 0.684 GC heap after
{Heap after GC invocations=1 (full 0):
 garbage-first heap   total 251904K, used 11273K [0x000000070a000000, 0x0000000800000000)
  region size 2048K, 2 young (4096K), 2 survivors (4096K)
 Metaspace       used 5887K, committed 6016K, reserved 1114112K
  class space    used 545K, committed 640K, reserved 1048576K
}
Event: 1.297 GC heap before
{Heap before GC invocations=1 (full 0):
 garbage-first heap   total 251904K, used 31753K [0x000000070a000000, 0x0000000800000000)
  region size 2048K, 12 young (24576K), 2 survivors (4096K)
 Metaspace       used 11114K, committed 11392K, reserved 1114112K
  class space    used 1228K, committed 1344K, reserved 1048576K
}
Event: 1.302 GC heap after
{Heap after GC invocations=2 (full 0):
 garbage-first heap   total 251904K, used 13118K [0x000000070a000000, 0x0000000800000000)
  region size 2048K, 1 young (2048K), 1 survivors (2048K)
 Metaspace       used 11114K, committed 11392K, reserved 1114112K
  class space    used 1228K, committed 1344K, reserved 1048576K
}
Event: 2.431 GC heap before
{Heap before GC invocations=2 (full 0):
 garbage-first heap   total 251904K, used 60222K [0x000000070a000000, 0x0000000800000000)
  region size 2048K, 26 young (53248K), 1 survivors (2048K)
 Metaspace       used 21301K, committed 21504K, reserved 1114112K
  class space    used 2400K, committed 2496K, reserved 1048576K
}
Event: 2.435 GC heap after
{Heap after GC invocations=3 (full 0):
 garbage-first heap   total 251904K, used 16292K [0x000000070a000000, 0x0000000800000000)
  region size 2048K, 3 young (6144K), 3 survivors (6144K)
 Metaspace       used 21301K, committed 21504K, reserved 1114112K
  class space    used 2400K, committed 2496K, reserved 1048576K
}
Event: 86.769 GC heap before
{Heap before GC invocations=4 (full 0):
 garbage-first heap   total 69632K, used 67492K [0x000000070a000000, 0x0000000800000000)
  region size 2048K, 28 young (57344K), 3 survivors (6144K)
 Metaspace       used 29267K, committed 29632K, reserved 1114112K
  class space    used 3343K, committed 3520K, reserved 1048576K
}
Event: 86.779 GC heap after
{Heap after GC invocations=5 (full 0):
 garbage-first heap   total 79872K, used 20706K [0x000000070a000000, 0x0000000800000000)
  region size 2048K, 5 young (10240K), 5 survivors (10240K)
 Metaspace       used 29267K, committed 29632K, reserved 1114112K
  class space    used 3343K, committed 3520K, reserved 1048576K
}
Event: 87.415 GC heap before
{Heap before GC invocations=5 (full 0):
 garbage-first heap   total 79872K, used 53474K [0x000000070a000000, 0x0000000800000000)
  region size 2048K, 22 young (45056K), 5 survivors (10240K)
 Metaspace       used 35542K, committed 35968K, reserved 1114112K
  class space    used 4321K, committed 4480K, reserved 1048576K
}
Event: 87.424 GC heap after
{Heap after GC invocations=6 (full 0):
 garbage-first heap   total 79872K, used 23635K [0x000000070a000000, 0x0000000800000000)
  region size 2048K, 2 young (4096K), 2 survivors (4096K)
 Metaspace       used 35542K, committed 35968K, reserved 1114112K
  class space    used 4321K, committed 4480K, reserved 1048576K
}
Event: 87.459 GC heap before
{Heap before GC invocations=6 (full 0):
 garbage-first heap   total 79872K, used 25683K [0x000000070a000000, 0x0000000800000000)
  region size 2048K, 4 young (8192K), 2 survivors (4096K)
 Metaspace       used 35889K, committed 36288K, reserved 1114112K
  class space    used 4384K, committed 4544K, reserved 1048576K
}
Event: 87.463 GC heap after
{Heap after GC invocations=7 (full 0):
 garbage-first heap   total 79872K, used 22864K [0x000000070a000000, 0x0000000800000000)
  region size 2048K, 2 young (4096K), 2 survivors (4096K)
 Metaspace       used 35889K, committed 36288K, reserved 1114112K
  class space    used 4384K, committed 4544K, reserved 1048576K
}

Dll operation events (10 events):
Event: 0.010 Loaded shared library C:\Program Files\Java\jdk-21\bin\java.dll
Event: 0.012 Loaded shared library C:\Program Files\Java\jdk-21\bin\zip.dll
Event: 0.051 Loaded shared library C:\Program Files\Java\jdk-21\bin\jsvml.dll
Event: 0.170 Loaded shared library C:\Program Files\Java\jdk-21\bin\instrument.dll
Event: 0.209 Loaded shared library C:\Program Files\Java\jdk-21\bin\net.dll
Event: 0.211 Loaded shared library C:\Program Files\Java\jdk-21\bin\nio.dll
Event: 0.217 Loaded shared library C:\Program Files\Java\jdk-21\bin\zip.dll
Event: 0.241 Loaded shared library C:\Program Files\Java\jdk-21\bin\extnet.dll
Event: 0.475 Loaded shared library C:\Program Files\Java\jdk-21\bin\jimage.dll
Event: 0.627 Loaded shared library C:\Program Files\Java\jdk-21\bin\verify.dll

Deoptimization events (20 events):
Event: 87.706 Thread 0x000001b81c595f50 DEOPT PACKING pc=0x000001b824b12cf6 sp=0x0000003692bfb830
Event: 87.706 Thread 0x000001b81c595f50 DEOPT UNPACKING pc=0x000001b82bfa4e42 sp=0x0000003692bfad18 mode 0
Event: 87.706 Thread 0x000001b81c595f50 DEOPT PACKING pc=0x000001b824b1afbd sp=0x0000003692bfb820
Event: 87.706 Thread 0x000001b81c595f50 DEOPT UNPACKING pc=0x000001b82bfa4e42 sp=0x0000003692bfad10 mode 0
Event: 87.707 Thread 0x000001b81c595f50 DEOPT PACKING pc=0x000001b824b12cf6 sp=0x0000003692bfb830
Event: 87.707 Thread 0x000001b81c595f50 DEOPT UNPACKING pc=0x000001b82bfa4e42 sp=0x0000003692bfad18 mode 0
Event: 87.707 Thread 0x000001b81c595f50 DEOPT PACKING pc=0x000001b824b1afbd sp=0x0000003692bfb820
Event: 87.707 Thread 0x000001b81c595f50 DEOPT UNPACKING pc=0x000001b82bfa4e42 sp=0x0000003692bfad10 mode 0
Event: 87.707 Thread 0x000001b81c595f50 DEOPT PACKING pc=0x000001b824b12cf6 sp=0x0000003692bfb830
Event: 87.707 Thread 0x000001b81c595f50 DEOPT UNPACKING pc=0x000001b82bfa4e42 sp=0x0000003692bfad18 mode 0
Event: 87.707 Thread 0x000001b81c595f50 DEOPT PACKING pc=0x000001b824b1afbd sp=0x0000003692bfb820
Event: 87.707 Thread 0x000001b81c595f50 DEOPT UNPACKING pc=0x000001b82bfa4e42 sp=0x0000003692bfad10 mode 0
Event: 87.707 Thread 0x000001b81c595f50 DEOPT PACKING pc=0x000001b824b12cf6 sp=0x0000003692bfb830
Event: 87.707 Thread 0x000001b81c595f50 DEOPT UNPACKING pc=0x000001b82bfa4e42 sp=0x0000003692bfad18 mode 0
Event: 87.707 Thread 0x000001b81c595f50 DEOPT PACKING pc=0x000001b824b1afbd sp=0x0000003692bfb820
Event: 87.707 Thread 0x000001b81c595f50 DEOPT UNPACKING pc=0x000001b82bfa4e42 sp=0x0000003692bfad10 mode 0
Event: 87.707 Thread 0x000001b81c595f50 DEOPT PACKING pc=0x000001b824b12cf6 sp=0x0000003692bfb830
Event: 87.707 Thread 0x000001b81c595f50 DEOPT UNPACKING pc=0x000001b82bfa4e42 sp=0x0000003692bfad18 mode 0
Event: 87.728 Thread 0x000001b81c595f50 DEOPT PACKING pc=0x000001b824b1afbd sp=0x0000003692bfbd40
Event: 87.728 Thread 0x000001b81c595f50 DEOPT UNPACKING pc=0x000001b82bfa4e42 sp=0x0000003692bfb230 mode 0

Classes loaded (20 events):
Event: 87.765 Loading class com/fasterxml/jackson/core/json/JsonGeneratorImpl
Event: 87.765 Loading class com/fasterxml/jackson/core/json/JsonGeneratorImpl done
Event: 87.766 Loading class com/fasterxml/jackson/core/base/GeneratorBase
Event: 87.766 Loading class com/fasterxml/jackson/core/base/GeneratorBase done
Event: 87.767 Loading class org/springframework/boot/autoconfigure/AutoConfigurationImportSelector$AutoConfigurationEntry
Event: 87.767 Loading class org/springframework/boot/autoconfigure/AutoConfigurationImportSelector$AutoConfigurationEntry done
Event: 87.767 Loading class com/fasterxml/jackson/core/json/ReaderBasedJsonParser
Event: 87.767 Loading class com/fasterxml/jackson/core/json/ReaderBasedJsonParser done
Event: 87.767 Loading class org/springframework/boot/autoconfigure/AutoConfigurationImportSelector$AutoConfigurationEntry
Event: 87.767 Loading class org/springframework/boot/autoconfigure/AutoConfigurationImportSelector$AutoConfigurationEntry done
Event: 87.768 Loading class com/fasterxml/jackson/core/json/UTF8DataInputJsonParser
Event: 87.768 Loading class com/fasterxml/jackson/core/json/UTF8DataInputJsonParser done
Event: 87.770 Loading class com/fasterxml/jackson/core/io/UTF8Writer
Event: 87.770 Loading class com/fasterxml/jackson/core/io/UTF8Writer done
Event: 87.770 Loading class org/springframework/boot/autoconfigure/AutoConfigurationSorter
Event: 87.770 Loading class org/springframework/boot/autoconfigure/AutoConfigurationSorter done
Event: 87.770 Loading class com/fasterxml/jackson/core/json/UTF8JsonGenerator
Event: 87.770 Loading class com/fasterxml/jackson/core/json/UTF8JsonGenerator done
Event: 87.772 Loading class org/springframework/boot/autoconfigure/AutoConfigurationReplacements
Event: 87.772 Loading class org/springframework/boot/autoconfigure/AutoConfigurationReplacements done

Classes unloaded (0 events):
No events

Classes redefined (1 events):
Event: 0.195 Thread 0x000001b83b898aa0 redefined class name=java.lang.Throwable, count=1

Internal exceptions (20 events):
Event: 86.982 Thread 0x000001b81c595f50 Exception <a 'java/lang/NoSuchMethodError'{0x000000070d8369f8}: 'java.lang.Object java.lang.invoke.Invokers$Holder.invoke_MT(java.lang.Object, java.lang.Object, java.lang.Object, java.lang.Object, java.lang.Object, java.lang.Object, java.lang.Object, java.lang.Object, java.lang.Object, java.lang.Object)'> (0x000000070d8369f8) 
thrown [s\open\src\hotspot\share\interpreter\linkResolver.cpp, line 773]
Event: 86.987 Thread 0x000001b81c595f50 Exception <a 'java/lang/NoSuchMethodError'{0x000000070d84a280}: 'void java.lang.invoke.DirectMethodHandle$Holder.invokeStatic(java.lang.Object, java.lang.Object, int, java.lang.Object)'> (0x000000070d84a280) 
thrown [s\open\src\hotspot\share\interpreter\linkResolver.cpp, line 773]
Event: 86.988 Thread 0x000001b81c595f50 Exception <a 'java/lang/NoSuchMethodError'{0x000000070d851ab8}: 'void java.lang.invoke.DelegatingMethodHandle$Holder.delegate(java.lang.Object, java.lang.Object, int, java.lang.Object)'> (0x000000070d851ab8) 
thrown [s\open\src\hotspot\share\interpreter\linkResolver.cpp, line 773]
Event: 86.993 Thread 0x000001b81c595f50 Exception <a 'java/lang/NoSuchMethodError'{0x000000070d871b70}: 'int java.lang.invoke.DirectMethodHandle$Holder.invokeStaticInit(java.lang.Object, int, int)'> (0x000000070d871b70) 
thrown [s\open\src\hotspot\share\interpreter\linkResolver.cpp, line 773]
Event: 86.994 Thread 0x000001b81c595f50 Exception <a 'java/lang/NoSuchMethodError'{0x000000070d879688}: 'int java.lang.invoke.DirectMethodHandle$Holder.invokeStaticInit(java.lang.Object, long, long)'> (0x000000070d879688) 
thrown [s\open\src\hotspot\share\interpreter\linkResolver.cpp, line 773]
Event: 86.995 Thread 0x000001b81c595f50 Exception <a 'java/lang/NoSuchMethodError'{0x000000070d8807f0}: 'int java.lang.invoke.DirectMethodHandle$Holder.invokeStaticInit(java.lang.Object, float, float)'> (0x000000070d8807f0) 
thrown [s\open\src\hotspot\share\interpreter\linkResolver.cpp, line 773]
Event: 86.996 Thread 0x000001b81c595f50 Exception <a 'java/lang/NoSuchMethodError'{0x000000070d887950}: 'int java.lang.invoke.DirectMethodHandle$Holder.invokeStaticInit(java.lang.Object, double, double)'> (0x000000070d887950) 
thrown [s\open\src\hotspot\share\interpreter\linkResolver.cpp, line 773]
Event: 86.996 Thread 0x000001b81c595f50 Exception <a 'java/lang/NoSuchMethodError'{0x000000070d88c4c0}: 'int java.lang.invoke.DirectMethodHandle$Holder.invokeStatic(java.lang.Object, long)'> (0x000000070d88c4c0) 
thrown [s\open\src\hotspot\share\interpreter\linkResolver.cpp, line 773]
Event: 86.998 Thread 0x000001b81c595f50 Exception <a 'java/lang/NoSuchMethodError'{0x000000070d89dc78}: 'int java.lang.invoke.DirectMethodHandle$Holder.invokeSpecial(java.lang.Object, java.lang.Object, int, int)'> (0x000000070d89dc78) 
thrown [s\open\src\hotspot\share\interpreter\linkResolver.cpp, line 773]
Event: 87.000 Thread 0x000001b81c595f50 Exception <a 'java/lang/NoSuchMethodError'{0x000000070d8ac228}: 'int java.lang.invoke.Invokers$Holder.linkToTargetMethod(java.lang.Object, java.lang.Object)'> (0x000000070d8ac228) 
thrown [s\open\src\hotspot\share\interpreter\linkResolver.cpp, line 773]
Event: 87.013 Thread 0x000001b81c595f50 Exception <a 'java/lang/NoSuchMethodError'{0x000000070d936c08}: 'java.lang.Object java.lang.invoke.DirectMethodHandle$Holder.invokeSpecial(java.lang.Object, java.lang.Object, java.lang.Object, int, java.lang.Object)'> (0x000000070d936c08) 
thrown [s\open\src\hotspot\share\interpreter\linkResolver.cpp, line 773]
Event: 87.014 Thread 0x000001b81c595f50 Exception <a 'java/lang/NoSuchMethodError'{0x000000070d93e568}: 'java.lang.Object java.lang.invoke.DirectMethodHandle$Holder.newInvokeSpecial(java.lang.Object, java.lang.Object, java.lang.Object, int, java.lang.Object)'> (0x000000070d93e568) 
thrown [s\open\src\hotspot\share\interpreter\linkResolver.cpp, line 773]
Event: 87.015 Thread 0x000001b81c595f50 Exception <a 'java/lang/NoSuchMethodError'{0x000000070d945ea0}: 'java.lang.Object java.lang.invoke.Invokers$Holder.linkToTargetMethod(java.lang.Object, java.lang.Object, int, java.lang.Object, java.lang.Object)'> (0x000000070d945ea0) 
thrown [s\open\src\hotspot\share\interpreter\linkResolver.cpp, line 773]
Event: 87.018 Thread 0x000001b81c595f50 Exception <a 'java/lang/NoSuchMethodError'{0x000000070d955470}: 'java.lang.Object java.lang.invoke.DirectMethodHandle$Holder.newInvokeSpecial(java.lang.Object, int, java.lang.Object)'> (0x000000070d955470) 
thrown [s\open\src\hotspot\share\interpreter\linkResolver.cpp, line 773]
Event: 87.080 Thread 0x000001b81c595f50 Exception <a 'java/lang/NoSuchMethodError'{0x000000070d6da240}: 'java.lang.Object java.lang.invoke.DirectMethodHandle$Holder.invokeStaticInit(java.lang.Object, int, java.lang.Object)'> (0x000000070d6da240) 
thrown [s\open\src\hotspot\share\interpreter\linkResolver.cpp, line 773]
Event: 87.204 Thread 0x000001b81c595f50 Exception <a 'java/lang/NoSuchMethodError'{0x000000070d228768}: 'java.lang.Object java.lang.invoke.Invokers$Holder.invoke_MT(java.lang.Object, java.lang.Object, java.lang.Object, java.lang.Object, java.lang.Object, java.lang.Object, java.lang.Object, java.lang.Object, java.lang.Object)'> (0x000000070d228768) 
thrown [s\open\src\hotspot\share\interpreter\linkResolver.cpp, line 773]
Event: 87.208 Thread 0x000001b81c595f50 Implicit null exception at 0x000001b82c6887b9 to 0x000001b82c6891c8
Event: 87.208 Thread 0x000001b81c595f50 Exception <a 'java/lang/NoSuchMethodError'{0x000000070d250358}: 'java.lang.reflect.Field[] java.lang.Class.getDeclaredFields(java.lang.Class)'> (0x000000070d250358) 
thrown [s\open\src\hotspot\share\interpreter\linkResolver.cpp, line 773]
Event: 87.219 Thread 0x000001b81c595f50 Exception <a 'java/lang/IncompatibleClassChangeError'{0x000000070d29bb38}: Found class java.lang.Object, but interface was expected> (0x000000070d29bb38) 
thrown [s\open\src\hotspot\share\interpreter\linkResolver.cpp, line 840]
Event: 87.719 Thread 0x000001b81c595f50 Exception <a 'java/lang/IncompatibleClassChangeError'{0x000000070d8e66b0}: Found class java.lang.Object, but interface was expected> (0x000000070d8e66b0) 
thrown [s\open\src\hotspot\share\interpreter\linkResolver.cpp, line 840]

ZGC Phase Switch (0 events):
No events

VM Operations (20 events):
Event: 87.321 Executing VM operation: HandshakeAllThreads (Deoptimize)
Event: 87.321 Executing VM operation: HandshakeAllThreads (Deoptimize) done
Event: 87.369 Executing VM operation: HandshakeAllThreads (Deoptimize)
Event: 87.369 Executing VM operation: HandshakeAllThreads (Deoptimize) done
Event: 87.415 Executing VM operation: CollectForMetadataAllocation (Metadata GC Threshold)
Event: 87.424 Executing VM operation: CollectForMetadataAllocation (Metadata GC Threshold) done
Event: 87.424 Executing VM operation: CollectForMetadataAllocation (Metadata GC Threshold)
Event: 87.424 Executing VM operation: CollectForMetadataAllocation (Metadata GC Threshold) done
Event: 87.431 Executing VM operation: HandshakeAllThreads (Deoptimize)
Event: 87.431 Executing VM operation: HandshakeAllThreads (Deoptimize) done
Event: 87.446 Executing VM operation: HandshakeAllThreads (Deoptimize)
Event: 87.446 Executing VM operation: HandshakeAllThreads (Deoptimize) done
Event: 87.459 Executing VM operation: CollectForMetadataAllocation (Metadata GC Threshold)
Event: 87.463 Executing VM operation: CollectForMetadataAllocation (Metadata GC Threshold) done
Event: 87.476 Executing VM operation: G1PauseRemark
Event: 87.480 Executing VM operation: G1PauseRemark done
Event: 87.484 Executing VM operation: G1PauseCleanup
Event: 87.484 Executing VM operation: G1PauseCleanup done
Event: 87.714 Executing VM operation: HandshakeAllThreads (Deoptimize)
Event: 87.714 Executing VM operation: HandshakeAllThreads (Deoptimize) done

Events (20 events):
Event: 87.479 Thread 0x000001b83b898aa0 flushing nmethod 0x000001b824c00a10
Event: 87.479 Thread 0x000001b83b898aa0 flushing nmethod 0x000001b824c3ce90
Event: 87.479 Thread 0x000001b83b898aa0 flushing nmethod 0x000001b824c74c90
Event: 87.479 Thread 0x000001b83b898aa0 flushing nmethod 0x000001b824c75490
Event: 87.479 Thread 0x000001b83b898aa0 flushing nmethod 0x000001b824c87310
Event: 87.479 Thread 0x000001b83b898aa0 flushing nmethod 0x000001b824ca8c10
Event: 87.479 Thread 0x000001b83b898aa0 flushing nmethod 0x000001b824ce7790
Event: 87.479 Thread 0x000001b83b898aa0 flushing nmethod 0x000001b824ceba10
Event: 87.479 Thread 0x000001b83b898aa0 flushing nmethod 0x000001b824cf3490
Event: 87.479 Thread 0x000001b83b898aa0 flushing nmethod 0x000001b824cf4490
Event: 87.479 Thread 0x000001b83b898aa0 flushing nmethod 0x000001b824cf4a90
Event: 87.479 Thread 0x000001b83b898aa0 flushing nmethod 0x000001b824d66c90
Event: 87.479 Thread 0x000001b83b898aa0 flushing nmethod 0x000001b824d66f90
Event: 87.479 Thread 0x000001b83b898aa0 flushing nmethod 0x000001b824d7e990
Event: 87.479 Thread 0x000001b83b898aa0 flushing nmethod 0x000001b824d7ed10
Event: 87.479 Thread 0x000001b83b898aa0 flushing nmethod 0x000001b824d80690
Event: 87.479 Thread 0x000001b83b898aa0 flushing nmethod 0x000001b824d81110
Event: 87.561 Thread 0x000001b804047fc0 Thread added: 0x000001b804047fc0
Event: 87.736 Thread 0x000001b80461f490 Thread added: 0x000001b80461f490
Event: 87.744 Thread 0x000001b80461f490 Thread exited: 0x000001b80461f490


Dynamic libraries:
0x00007ff751fb0000 - 0x00007ff751fc0000 	C:\Program Files\Java\jdk-21\bin\java.exe
0x00007ff966950000 - 0x00007ff966b48000 	C:\Windows\SYSTEM32\ntdll.dll
0x00007ff966840000 - 0x00007ff966902000 	C:\Windows\System32\KERNEL32.DLL
0x00007ff9640e0000 - 0x00007ff9643d7000 	C:\Windows\System32\KERNELBASE.dll
0x00007ff963fe0000 - 0x00007ff9640e0000 	C:\Windows\System32\ucrtbase.dll
0x00007ff95f9c0000 - 0x00007ff95f9d9000 	C:\Program Files\Java\jdk-21\bin\jli.dll
0x00007ff95f9e0000 - 0x00007ff95f9fb000 	C:\Program Files\Java\jdk-21\bin\VCRUNTIME140.dll
0x00007ff9660f0000 - 0x00007ff9661a1000 	C:\Windows\System32\ADVAPI32.dll
0x00007ff9667a0000 - 0x00007ff96683e000 	C:\Windows\System32\msvcrt.dll
0x00007ff965810000 - 0x00007ff9658af000 	C:\Windows\System32\sechost.dll
0x00007ff9656e0000 - 0x00007ff965806000 	C:\Windows\System32\RPCRT4.dll
0x00007ff964480000 - 0x00007ff9644a7000 	C:\Windows\System32\bcrypt.dll
0x00007ff965330000 - 0x00007ff9654cd000 	C:\Windows\System32\USER32.dll
0x00007ff9532c0000 - 0x00007ff95355a000 	C:\Windows\WinSxS\amd64_microsoft.windows.common-controls_6595b64144ccf1df_6.0.19041.5915_none_60b4b9d171f9c7c7\COMCTL32.dll
0x00007ff965300000 - 0x00007ff96532b000 	C:\Windows\System32\GDI32.dll
0x00007ff9644b0000 - 0x00007ff9644d2000 	C:\Windows\System32\win32u.dll
0x00007ff964560000 - 0x00007ff964679000 	C:\Windows\System32\gdi32full.dll
0x00007ff9643e0000 - 0x00007ff96447d000 	C:\Windows\System32\msvcp_win.dll
0x00007ff95a380000 - 0x00007ff95a38a000 	C:\Windows\SYSTEM32\VERSION.dll
0x00007ff9651c0000 - 0x00007ff9651ef000 	C:\Windows\System32\IMM32.DLL
0x00007ff95fe80000 - 0x00007ff95fe8c000 	C:\Program Files\Java\jdk-21\bin\vcruntime140_1.dll
0x00007ff934dd0000 - 0x00007ff934e5e000 	C:\Program Files\Java\jdk-21\bin\msvcp140.dll
0x00007ff902c50000 - 0x00007ff90396a000 	C:\Program Files\Java\jdk-21\bin\server\jvm.dll
0x00007ff964ef0000 - 0x00007ff964f5b000 	C:\Windows\System32\WS2_32.dll
0x00007ff963a60000 - 0x00007ff963aab000 	C:\Windows\SYSTEM32\POWRPROF.dll
0x00007ff961030000 - 0x00007ff961057000 	C:\Windows\SYSTEM32\WINMM.dll
0x00007ff9639d0000 - 0x00007ff9639e2000 	C:\Windows\SYSTEM32\UMPDC.dll
0x00007ff9627c0000 - 0x00007ff9627d2000 	C:\Windows\SYSTEM32\kernel.appcore.dll
0x00007ff95fe50000 - 0x00007ff95fe5a000 	C:\Program Files\Java\jdk-21\bin\jimage.dll
0x00007ff961840000 - 0x00007ff961a41000 	C:\Windows\SYSTEM32\DBGHELP.DLL
0x00007ff951c30000 - 0x00007ff951c64000 	C:\Windows\SYSTEM32\dbgcore.DLL
0x00007ff9648e0000 - 0x00007ff964962000 	C:\Windows\System32\bcryptPrimitives.dll
0x00007ff951130000 - 0x00007ff95113f000 	C:\Program Files\Java\jdk-21\bin\instrument.dll
0x00007ff9536e0000 - 0x00007ff9536ff000 	C:\Program Files\Java\jdk-21\bin\java.dll
0x00007ff950f00000 - 0x00007ff950f18000 	C:\Program Files\Java\jdk-21\bin\zip.dll
0x00007ff9658b0000 - 0x00007ff96601e000 	C:\Windows\System32\SHELL32.dll
0x00007ff962000000 - 0x00007ff9627a4000 	C:\Windows\SYSTEM32\windows.storage.dll
0x00007ff9649e0000 - 0x00007ff964d33000 	C:\Windows\System32\combase.dll
0x00007ff9639a0000 - 0x00007ff9639cb000 	C:\Windows\SYSTEM32\Wldp.dll
0x00007ff9661b0000 - 0x00007ff96627d000 	C:\Windows\System32\OLEAUT32.dll
0x00007ff966280000 - 0x00007ff96632d000 	C:\Windows\System32\SHCORE.dll
0x00007ff964970000 - 0x00007ff9649cb000 	C:\Windows\System32\shlwapi.dll
0x00007ff963f10000 - 0x00007ff963f34000 	C:\Windows\SYSTEM32\profapi.dll
0x00007ff933f80000 - 0x00007ff934057000 	C:\Program Files\Java\jdk-21\bin\jsvml.dll
0x00007ff95f8d0000 - 0x00007ff95f8e0000 	C:\Program Files\Java\jdk-21\bin\net.dll
0x00007ff95c9e0000 - 0x00007ff95caea000 	C:\Windows\SYSTEM32\WINHTTP.dll
0x00007ff963700000 - 0x00007ff96376a000 	C:\Windows\system32\mswsock.dll
0x00007ff9517e0000 - 0x00007ff9517f6000 	C:\Program Files\Java\jdk-21\bin\nio.dll
0x00007ff950a00000 - 0x00007ff950a09000 	C:\Program Files\Java\jdk-21\bin\extnet.dll
0x00007ff94aec0000 - 0x00007ff94aed0000 	C:\Program Files\Java\jdk-21\bin\verify.dll
0x00007ff963900000 - 0x00007ff963918000 	C:\Windows\SYSTEM32\CRYPTSP.dll
0x00007ff962fa0000 - 0x00007ff962fd8000 	C:\Windows\system32\rsaenh.dll
0x00007ff963e90000 - 0x00007ff963ebe000 	C:\Windows\SYSTEM32\USERENV.dll
0x00007ff9638f0000 - 0x00007ff9638fc000 	C:\Windows\SYSTEM32\CRYPTBASE.dll
0x00007ff9633e0000 - 0x00007ff96341b000 	C:\Windows\SYSTEM32\IPHLPAPI.DLL
0x00007ff966080000 - 0x00007ff966088000 	C:\Windows\System32\NSI.dll
0x00007ff963420000 - 0x00007ff9634ea000 	C:\Windows\SYSTEM32\DNSAPI.dll
0x00007ff955ec0000 - 0x00007ff955eca000 	C:\Windows\System32\rasadhlp.dll
0x00007ff955860000 - 0x00007ff9558e0000 	C:\Windows\System32\fwpuclnt.dll

dbghelp: loaded successfully - version: 4.0.5 - missing functions: none
symbol engine: initialized successfully - sym options: 0x614 - pdb path: .;C:\Program Files\Java\jdk-21\bin;C:\Windows\SYSTEM32;C:\Windows\WinSxS\amd64_microsoft.windows.common-controls_6595b64144ccf1df_6.0.19041.5915_none_60b4b9d171f9c7c7;C:\Program Files\Java\jdk-21\bin\server

VM Arguments:
jvm_args: -javaagent:C:\Users\merte\AppData\Local\JetBrains\IdeaIC2025.2\captureAgent\debugger-agent.jar=file:///C:/Users/merte/AppData/Local/Temp/capture9018856345467701778.props -ea -Didea.test.cyclic.buffer.size=1048576 -javaagent:D:\Program Files\JetBrains\IntelliJ IDEA Community Edition 2025.2\lib\idea_rt.jar=1385 -Dkotlinx.coroutines.debug.enable.creation.stack.trace=false -Ddebugger.agent.enable.coroutines=true -Dkotlinx.coroutines.debug.enable.flows.stack.trace=true -Dkotlinx.coroutines.debug.enable.mutable.state.flows.stack.trace=true -Dfile.encoding=UTF-8 -Dsun.stdout.encoding=UTF-8 -Dsun.stderr.encoding=UTF-8 
java_command: com.intellij.rt.junit.JUnitStarter -ideVersion5 -junit5 com.finledger.settlement_service.adapter.ProcessedMessageRepositoryAdapterConcurrencyIT
java_class_path (initial): C:\Users\merte\.m2\repository\org\junit\platform\junit-platform-launcher\1.12.2\junit-platform-launcher-1.12.2.jar;C:\Users\merte\.m2\repository\org\junit\vintage\junit-vintage-engine\5.12.2\junit-vintage-engine-5.12.2.jar;D:\Program Files\JetBrains\IntelliJ IDEA Community Edition 2025.2\lib\idea_rt.jar;D:\Program Files\JetBrains\IntelliJ IDEA Community Edition 2025.2\plugins\junit\lib\junit5-rt.jar;D:\Program Files\JetBrains\IntelliJ IDEA Community Edition 2025.2\plugins\junit\lib\junit-rt.jar;D:\intellij-workspace\finledger\services\settlement-service\target\test-classes;D:\intellij-workspace\finledger\services\settlement-service\target\classes;C:\Users\merte\.m2\repository\org\springframework\boot\spring-boot-starter-actuator\3.5.5\spring-boot-starter-actuator-3.5.5.jar;C:\Users\merte\.m2\repository\org\springframework\boot\spring-boot-starter\3.5.5\spring-boot-starter-3.5.5.jar;C:\Users\merte\.m2\repository\org\springframework\boot\spring-boot\3.5.5\spring-boot-3.5.5.jar;C:\Users\merte\.m2\repository\org\springframework\boot\spring-boot-autoconfigure\3.5.5\spring-boot-autoconfigure-3.5.5.jar;C:\Users\merte\.m2\repository\org\springframework\boot\spring-boot-starter-logging\3.5.5\spring-boot-starter-logging-3.5.5.jar;C:\Users\merte\.m2\repository\ch\qos\logback\logback-classic\1.5.18\logback-classic-1.5.18.jar;C:\Users\merte\.m2\repository\ch\qos\logback\logback-core\1.5.18\logback-core-1.5.18.jar;C:\Users\merte\.m2\repository\org\apache\logging\log4j\log4j-to-slf4j\2.24.3\log4j-to-slf4j-2.24.3.jar;C:\Users\merte\.m2\repository\org\apache\logging\log4j\log4j-api\2.24.3\log4j-api-2.24.3.jar;C:\Users\merte\.m2\repository\org\slf4j\jul-to-slf4j\2.0.17\jul-to-slf4j-2.0.17.jar;C:\Users\merte\.m2\repository\jakarta\annotation\jakarta.annotation-api\2.1.1\jakarta.annotation-api-2.1.1.jar;C:\Users\merte\.m2\repository\org\yaml\snakeyaml\2.4\snakeyaml-2.4.jar;C:\Users\merte\.m2\repository\org\springframework\boot\spring-boot-actuator-autoconfigure\3.5.5\spring-boot-actuator-autoconfigure-3.5.5.jar;C:\Users\merte\.m2\repository\org\springframework\boot\spring-boot-actuator\3.5.5\spring-boot-actuator-3.5.5.jar;C:\Users\merte\.m2\repository\com\fasterxml\jackson\core\jackson-databind\2.19.2\jackson-databind-2.19.2.jar;C:\Users\merte\.m2\repository\io\micrometer\micrometer-observation\1.15.3\micrometer-observation-1.15.3.jar;C:\Users\merte\.m2\repository\io\micrometer\micrometer-commons\1.15.3\micrometer-commons-1.15.3.jar;C:\Users\merte\.m2\repository\io\micrometer\micrometer-jakarta9\1.15.3\micrometer-jakarta9-1.15.3.jar;C:\Users\merte\.m2\repository\io\micrometer\micrometer-core\1.15.3\micrometer-core-1.15.3.jar;C:\Users\merte\.m2\repository\org\hdrhistogram\HdrHistogram\2.2.2\HdrHistogram-2.2.2.jar;C:\Users\merte\.m2\repository\org\latencyutils\LatencyUtils\2.0.3\LatencyUtils-2.0.3.jar;C:\Users\merte\.m2\repository\org\springframework\boot\spring-boot-starter-amqp\3.5.5\spring-boot-starter-amqp-3.5.5.jar;C:\Users\merte\.m2\repository\org\springframework\spring-messaging\6.2.10\spring-messaging-6.2.10.jar;C:\Users\merte\.m2\repository\org\springframework\spring-beans\6.2.10\spring-beans-6.2.10.jar;C:\Users\merte\.m2\repository\org\springframework\amqp\spring-rabbit\3.2.6\spring-rabbit-3.2.6.jar;C:\Users\merte\.m2\repository\org\springframework\amqp\spring-amqp\3.2.6\spring-amqp-3.2.6.jar;C:\Users\merte\.m2\repository\org\springframework\retry\spring-retry\2.0.12\spring-retry-2.0.12.jar;C:\Users\merte\.m2\repository\com\rabbitmq\amqp-client\5.25.0\amqp-client-5.25.0.jar;C:\Users\merte\.m2\repository\org\springframework\spring-context\6.2.10\spring-context-6.2.10.jar;C:\Users\merte\.m2\repository\org\springframework\spring-tx\6.2.10\spring-tx-6.2.10.jar;C:\Users\merte\.m2\repository\org\springframework\boot\spring-boot-starter-data-jpa\3.5.5\spring-boot-starter-data-jpa-3.5.5.jar;C:\Users\merte\.m2\repository\org\springframework\boot\spring-boot-starter-jdbc\3.5.5\spring-boot-starter-jdbc-3.5.5.jar;C:\Users\merte\.m2\repository\com\zaxxer\HikariCP\6.3.2\HikariCP-6.3.2.jar;C:\Users\merte\.m2\repository\org\springframework\spring-jdbc\6.2.10\spring-jdbc-6.2.10.jar;C:\Users\merte\.m2\repository\org\hibernate\orm\hibernate-core\6.6.26.Final\hibernate-core-6.6.26.Final.jar;C:\Users\merte\.m2\repository\jakarta\persistence\jakarta.persistence-api\3.1.0\jakarta.persistence-api-3.1.0.jar;C:\Users\merte\.m2\repository\jakarta\transaction\jakarta.transaction-api\2.0.1\jakarta.transaction-api-2.0.1.jar;C:\Users\merte\.m2\repository\org\jboss\logging\jboss-logging\3.6.1.Final\jboss-logging-3.6.1.Final.jar;C:\Users\merte\.m2\repository\org\hibernate\common\hibernate-commons-annotations\7.0.3.Final\hibernate-commons-annotations-7.0.3.Final.jar;C:\Users\merte\.m2\repository\io\smallrye\jandex\3.2.0\jandex-3.2.0.jar;C:\Users\merte\.m2\repository\com\fasterxml\classmate\1.7.0\classmate-1.7.0.jar;C:\Users\merte\.m2\repository\net\bytebuddy\byte-buddy\1.17.7\byte-buddy-1.17.7.jar;C:\Users\merte\.m2\repository\org\glassfish\jaxb\jaxb-runtime\4.0.5\jaxb-runtime-4.0.5.jar;C:\Users\merte\.m2\repository\org\glassfish\jaxb\jaxb-core\4.0.5\jaxb-core-4.0.5.jar;C:\Users\merte\.m2\repository\org\eclipse\angus\angus-activation\2.0.2\angus-activation-2.0.2.jar;C:\Users\merte\.m2\repository\org\glassfish\jaxb\txw2\4.0.5\txw2-4.0.5.jar;C:\Users\merte\.m2\repository\com\sun\istack\istack-commons-runtime\4.1.2\istack-commons-runtime-4.1.2.jar;C:\Users\merte\.m2\repository\jakarta\inject\jakarta.inject-api\2.0.1\jakarta.inject-api-2.0.1.jar;C:\Users\merte\.m2\repository\org\antlr\antlr4-runtime\4.13.0\antlr4-runtime-4.13.0.jar;C:\Users\merte\.m2\repository\org\springframework\data\spring-data-jpa\3.5.3\spring-data-jpa-3.5.3.jar;C:\Users\merte\.m2\repository\org\springframework\data\spring-data-commons\3.5.3\spring-data-commons-3.5.3.jar;C:\Users\merte\.m2\repository\org\springframework\spring-orm\6.2.10\spring-orm-6.2.10.jar;C:\Users\merte\.m2\repository\org\springframework\spring-aop\6.2.10\spring-aop-6.2.10.jar;C:\Users\merte\.m2\repository\org\slf4j\slf4j-api\2.0.17\slf4j-api-2.0.17.jar;C:\Users\merte\.m2\repository\org\springframework\spring-aspects\6.2.10\spring-aspects-6.2.10.jar;C:\Users\merte\.m2\repository\org\aspectj\aspectjweaver\1.9.24\aspectjweaver-1.9.24.jar;C:\Users\merte\.m2\repository\org\springframework\boot\spring-boot-starter-validation\3.5.5\spring-boot-starter-validation-3.5.5.jar;C:\Users\merte\.m2\repository\org\apache\tomcat\embed\tomcat-embed-el\10.1.44\tomcat-embed-el-10.1.44.jar;C:\Users\merte\.m2\repository\org\hibernate\validator\hibernate-validator\8.0.3.Final\hibernate-validator-8.0.3.Final.jar;C:\Users\merte\.m2\repository\jakarta\validation\jakarta.validation-api\3.0.2\jakarta.validation-api-3.0.2.jar;C:\Users\merte\.m2\repository\org\springframework\boot\spring-boot-starter-web\3.5.5\spring-boot-starter-web-3.5.5.jar;C:\Users\merte\.m2\repository\org\springframework\boot\spring-boot-starter-json\3.5.5\spring-boot-starter-json-3.5.5.jar;C:\Users\merte\.m2\repository\com\fasterxml\jackson\datatype\jackson-datatype-jdk8\2.19.2\jackson-datatype-jdk8-2.19.2.jar;C:\Users\merte\.m2\repository\com\fasterxml\jackson\module\jackson-module-parameter-names\2.19.2\jackson-module-parameter-names-2.19.2.jar;C:\Users\merte\.m2\repository\org\springframework\boot\spring-boot-starter-tomcat\3.5.5\spring-boot-starter-tomcat-3.5.5.jar;C:\Users\merte\.m2\repository\org\apache\tomcat\embed\tomcat-embed-core\10.1.44\tomcat-embed-core-10.1.44.jar;C:\Users\merte\.m2\repository\org\apache\tomcat\embed\tomcat-embed-websocket\10.1.44\tomcat-embed-websocket-10.1.44.jar;C:\Users\merte\.m2\repository\org\springframework\spring-web\6.2.10\spring-web-6.2.10.jar;C:\Users\merte\.m2\repository\org\springframework\spring-webmvc\6.2.10\spring-webmvc-6.2.10.jar;C:\Users\merte\.m2\repository\org\springframework\spring-expression\6.2.10\spring-expression-6.2.10.jar;C:\Users\merte\.m2\repository\org\flywaydb\flyway-core\11.7.2\flyway-core-11.7.2.jar;C:\Users\merte\.m2\repository\com\fasterxml\jackson\dataformat\jackson-dataformat-toml\2.19.2\jackson-dataformat-toml-2.19.2.jar;C:\Users\merte\.m2\repository\com\fasterxml\jackson\core\jackson-core\2.19.2\jackson-core-2.19.2.jar;C:\Users\merte\.m2\repository\com\fasterxml\jackson\datatype\jackson-datatype-jsr310\2.19.2\jackson-datatype-jsr310-2.19.2.jar;C:\Users\merte\.m2\repository\com\fasterxml\jackson\core\jackson-annotations\2.19.2\jackson-annotations-2.19.2.jar;C:\Users\merte\.m2\repository\org\flywaydb\flyway-database-postgresql\11.7.2\flyway-database-postgresql-11.7.2.jar;C:\Users\merte\.m2\repository\org\postgresql\postgresql\42.7.7\postgresql-42.7.7.jar;C:\Users\merte\.m2\repository\org\checkerframework\checker-qual\3.49.3\checker-qual-3.49.3.jar;C:\Users\merte\.m2\repository\org\apache\commons\commons-csv\1.11.0\commons-csv-1.11.0.jar;C:\Users\merte\.m2\repository\commons-io\commons-io\2.16.1\commons-io-2.16.1.jar;C:\Users\merte\.m2\repository\commons-codec\commons-codec\1.18.0\commons-codec-1.18.0.jar;C:\Users\merte\.m2\repository\org\projectlombok\lombok\1.18.38\lombok-1.18.38.jar;C:\Users\merte\.m2\repository\org\springframework\boot\spring-boot-starter-test\3.5.5\spring-boot-starter-test-3.5.5.jar;C:\Users\merte\.m2\repository\org\springframework\boot\spring-boot-test\3.5.5\spring-boot-test-3.5.5.jar;C:\Users\merte\.m2\repository\org\springframework\boot\spring-boot-test-autoconfigure\3.5.5\spring-boot-test-autoconfigure-3.5.5.jar;C:\Users\merte\.m2\repository\com\jayway\jsonpath\json-path\2.9.0\json-path-2.9.0.jar;C:\Users\merte\.m2\repository\jakarta\xml\bind\jakarta.xml.bind-api\4.0.2\jakarta.xml.bind-api-4.0.2.jar;C:\Users\merte\.m2\repository\jakarta\activation\jakarta.activation-api\2.1.3\jakarta.activation-api-2.1.3.jar;C:\Users\merte\.m2\repository\net\minidev\json-smart\2.5.2\json-smart-2.5.2.jar;C:\Users\merte\.m2\repository\net\minidev\accessors-smart\2.5.2\accessors-smart-2.5.2.jar;C:\Users\merte\.m2\repository\org\ow2\asm\asm\9.7.1\asm-9.7.1.jar;C:\Users\merte\.m2\repository\org\assertj\assertj-core\3.27.4\assertj-core-3.27.4.jar;C:\Users\merte\.m2\repository\org\awaitility\awaitility\4.2.2\awaitility-4.2.2.jar;C:\Users\merte\.m2\repository\org\hamcrest\hamcrest\3.0\hamcrest-3.0.jar;C:\Users\merte\.m2\repository\org\mockito\mockito-core\5.17.0\mockito-core-5.17.0.jar;C:\Users\merte\.m2\repository\net\bytebuddy\byte-buddy-agent\1.17.7\byte-buddy-agent-1.17.7.jar;C:\Users\merte\.m2\repository\org\objenesis\objenesis\3.3\objenesis-3.3.jar;C:\Users\merte\.m2\repository\org\mockito\mockito-junit-jupiter\5.17.0\mockito-junit-jupiter-5.17.0.jar;C:\Users\merte\.m2\repository\org\skyscreamer\jsonassert\1.5.3\jsonassert-1.5.3.jar;C:\Users\merte\.m2\repository\com\vaadin\external\google\android-json\0.0.20131108.vaadin1\android-json-0.0.20131108.vaadin1.jar;C:\Users\merte\.m2\repository\org\springframework\spring-core\6.2.10\spring-core-6.2.10.jar;C:\Users\merte\.m2\repository\org\springframework\spring-jcl\6.2.10\spring-jcl-6.2.10.jar;C:\Users\merte\.m2\repository\org\springframework\spring-test\6.2.10\spring-test-6.2.10.jar;C:\Users\merte\.m2\repository\org\xmlunit\xmlunit-core\2.10.3\xmlunit-core-2.10.3.jar;C:\Users\merte\.m2\repository\org\junit\jupiter\junit-jupiter\5.12.2\junit-jupiter-5.12.2.jar;C:\Users\merte\.m2\repository\org\junit\jupiter\junit-jupiter-api\5.12.2\junit-jupiter-api-5.12.2.jar;C:\Users\merte\.m2\repository\org\opentest4j\opentest4j\1.3.0\opentest4j-1.3.0.jar;C:\Users\merte\.m2\repository\org\junit\platform\junit-platform-commons\1.12.2\junit-platform-commons-1.12.2.jar;C:\Users\merte\.m2\repository\org\apiguardian\apiguardian-api\1.1.2\apiguardian-api-1.1.2.jar;C:\Users\merte\.m2\repository\org\junit\jupiter\junit-jupiter-params\5.12.2\junit-jupiter-params-5.12.2.jar;C:\Users\merte\.m2\repository\org\junit\jupiter\junit-jupiter-engine\5.12.2\junit-jupiter-engine-5.12.2.jar;C:\Users\merte\.m2\repository\org\junit\platform\junit-platform-engine\1.12.2\junit-platform-engine-1.12.2.jar;C:\Users\merte\.m2\repository\org\springframework\amqp\spring-rabbit-test\3.2.6\spring-rabbit-test-3.2.6.jar;C:\Users\merte\.m2\repository\org\springframework\amqp\spring-rabbit-junit\3.2.6\spring-rabbit-junit-3.2.6.jar;C:\Users\merte\.m2\repository\org\hamcrest\hamcrest-library\3.0\hamcrest-library-3.0.jar;C:\Users\merte\.m2\repository\org\hamcrest\hamcrest-core\3.0\hamcrest-core-3.0.jar;C:\Users\merte\.m2\repository\org\testcontainers\junit-jupiter\1.21.3\junit-jupiter-1.21.3.jar;C:\Users\merte\.m2\repository\org\testcontainers\testcontainers\1.21.3\testcontainers-1.21.3.jar;C:\Users\merte\.m2\repository\junit\junit\4.13.2\junit-4.13.2.jar;C:\Users\merte\.m2\repository\org\apache\commons\commons-compress\1.24.0\commons-compress-1.24.0.jar;C:\Users\merte\.m2\repository\org\rnorth\duct-tape\duct-tape\1.0.8\duct-tape-1.0.8.jar;C:\Users\merte\.m2\repository\org\jetbrains\annotations\17.0.0\annotations-17.0.0.jar;C:\Users\merte\.m2\repository\com\github\docker-java\docker-java-api\3.4.2\docker-java-api-3.4.2.jar;C:\Users\merte\.m2\repository\com\github\docker-java\docker-java-transport-zerodep\3.4.2\docker-java-transport-zerodep-3.4.2.jar;C:\Users\merte\.m2\repository\com\github\docker-java\docker-java-transport\3.4.2\docker-java-transport-3.4.2.jar;C:\Users\merte\.m2\repository\net\java\dev\jna\jna\5.13.0\jna-5.13.0.jar;C:\Users\merte\.m2\repository\org\testcontainers\postgresql\1.21.3\postgresql-1.21.3.jar;C:\Users\merte\.m2\repository\org\testcontainers\jdbc\1.21.3\jdbc-1.21.3.jar;C:\Users\merte\.m2\repository\org\testcontainers\database-commons\1.21.3\database-commons-1.21.3.jar;C:\Users\merte\.m2\repository\org\testcontainers\rabbitmq\1.21.3\rabbitmq-1.21.3.jar;C:\Users\merte\.m2\repository\org\springframework\boot\spring-boot-starter-webflux\3.5.5\spring-boot-starter-webflux-3.5.5.jar;C:\Users\merte\.m2\repository\org\springframework\boot\spring-boot-starter-reactor-netty\3.5.5\spring-boot-starter-reactor-netty-3.5.5.jar;C:\Users\merte\.m2\repository\io\projectreactor\netty\reactor-netty-http\1.2.9\reactor-netty-http-1.2.9.jar;C:\Users\merte\.m2\repository\io\netty\netty-codec-http\4.1.124.Final\netty-codec-http-4.1.124.Final.jar;C:\Users\merte\.m2\repository\io\netty\netty-common\4.1.124.Final\netty-common-4.1.124.Final.jar;C:\Users\merte\.m2\repository\io\netty\netty-buffer\4.1.124.Final\netty-buffer-4.1.124.Final.jar;C:\Users\merte\.m2\repository\io\netty\netty-transport\4.1.124.Final\netty-transport-4.1.124.Final.jar;C:\Users\merte\.m2\repository\io\netty\netty-codec\4.1.124.Final\netty-codec-4.1.124.Final.jar;C:\Users\merte\.m2\repository\io\netty\netty-handler\4.1.124.Final\netty-handler-4.1.124.Final.jar;C:\Users\merte\.m2\repository\io\netty\netty-codec-http2\4.1.124.Final\netty-codec-http2-4.1.124.Final.jar;C:\Users\merte\.m2\repository\io\netty\netty-resolver-dns\4.1.124.Final\netty-resolver-dns-4.1.124.Final.jar;C:\Users\merte\.m2\repository\io\netty\netty-resolver\4.1.124.Final\netty-resolver-4.1.124.Final.jar;C:\Users\merte\.m2\repository\io\netty\netty-codec-dns\4.1.124.Final\netty-codec-dns-4.1.124.Final.jar;C:\Users\merte\.m2\repository\io\netty\netty-resolver-dns-native-macos\4.1.124.Final\netty-resolver-dns-native-macos-4.1.124.Final-osx-x86_64.jar;C:\Users\merte\.m2\repository\io\netty\netty-resolver-dns-classes-macos\4.1.124.Final\netty-resolver-dns-classes-macos-4.1.124.Final.jar;C:\Users\merte\.m2\repository\io\netty\netty-transport-native-epoll\4.1.124.Final\netty-transport-native-epoll-4.1.124.Final-linux-x86_64.jar;C:\Users\merte\.m2\repository\io\netty\netty-transport-native-unix-common\4.1.124.Final\netty-transport-native-unix-common-4.1.124.Final.jar;C:\Users\merte\.m2\repository\io\netty\netty-transport-classes-epoll\4.1.124.Final\netty-transport-classes-epoll-4.1.124.Final.jar;C:\Users\merte\.m2\repository\io\projectreactor\netty\reactor-netty-core\1.2.9\reactor-netty-core-1.2.9.jar;C:\Users\merte\.m2\repository\io\netty\netty-handler-proxy\4.1.124.Final\netty-handler-proxy-4.1.124.Final.jar;C:\Users\merte\.m2\repository\io\netty\netty-codec-socks\4.1.124.Final\netty-codec-socks-4.1.124.Final.jar;C:\Users\merte\.m2\repository\org\springframework\spring-webflux\6.2.10\spring-webflux-6.2.10.jar;C:\Users\merte\.m2\repository\io\projectreactor\reactor-core\3.7.9\reactor-core-3.7.9.jar;C:\Users\merte\.m2\repository\org\reactivestreams\reactive-streams\1.0.4\reactive-streams-1.0.4.jar
Launcher Type: SUN_STANDARD

[Global flags]
     intx CICompilerCount                          = 4                                         {product} {ergonomic}
     uint ConcGCThreads                            = 3                                         {product} {ergonomic}
     uint G1ConcRefinementThreads                  = 10                                        {product} {ergonomic}
   size_t G1HeapRegionSize                         = 2097152                                   {product} {ergonomic}
    uintx GCDrainStackTargetSize                   = 64                                        {product} {ergonomic}
   size_t InitialHeapSize                          = 257949696                                 {product} {ergonomic}
   size_t MarkStackSize                            = 4194304                                   {product} {ergonomic}
   size_t MaxHeapSize                              = 4127195136                                {product} {ergonomic}
   size_t MaxNewSize                               = 2474639360                                {product} {ergonomic}
   size_t MinHeapDeltaBytes                        = 2097152                                   {product} {ergonomic}
   size_t MinHeapSize                              = 8388608                                   {product} {ergonomic}
    uintx NonNMethodCodeHeapSize                   = 5839372                                {pd product} {ergonomic}
    uintx NonProfiledCodeHeapSize                  = 122909434                              {pd product} {ergonomic}
    uintx ProfiledCodeHeapSize                     = 122909434                              {pd product} {ergonomic}
    uintx ReservedCodeCacheSize                    = 251658240                              {pd product} {ergonomic}
     bool SegmentedCodeCache                       = true                                      {product} {ergonomic}
   size_t SoftMaxHeapSize                          = 4127195136                             {manageable} {ergonomic}
     bool UseCompressedOops                        = true                           {product lp64_product} {ergonomic}
     bool UseG1GC                                  = true                                      {product} {ergonomic}
     bool UseLargePagesIndividualAllocation        = false                                  {pd product} {ergonomic}

Logging:
Log output configuration:
 #0: stdout all=warning uptime,level,tags foldmultilines=false
 #1: stderr all=off uptime,level,tags foldmultilines=false

Environment Variables:
JAVA_HOME=C:\Users\merte\.p2\pool\plugins\org.eclipse.justj.openjdk.hotspot.jre.full.win32.x86_64_17.0.10.v20240120-1143
PATH=C:\Program Files\Common Files\Oracle\Java\javapath;D:\Downloads\WINDOWS.X64_193000_db_home\bin;C:\Program Files (x86)\Microsoft SDKs\Azure\CLI2\wbin;C:\Windows\system32;C:\Windows;C:\Windows\System32\Wbem;C:\Windows\System32\WindowsPowerShell\v1.0\;C:\Windows\System32\OpenSSH\;C:\Program Files\dotnet\;%JAVA_HOME%\jre\bin;D:\Program Files\Git\cmd;D:\NodeJs\;C:\ProgramData\chocolatey\bin;C:\Program Files\Docker\Docker\resources\bin;C:\Users\merte\AppData\Local\Microsoft\WindowsApps;;D:\Microsoft VS Code\bin;C:\Users\merte\.dotnet\tools;C:\Users\merte\AppData\Roaming\npm
USERNAME=merte
OS=Windows_NT
PROCESSOR_IDENTIFIER=AMD64 Family 23 Model 96 Stepping 1, AuthenticAMD
TMP=C:\Users\merte\AppData\Local\Temp
TEMP=C:\Users\merte\AppData\Local\Temp




Periodic native trim disabled

---------------  S Y S T E M  ---------------

OS:
 Windows 10 , 64 bit Build 19041 (10.0.19041.5915)
OS uptime: 2 days 1:26 hours
Hyper-V role detected

CPU: total 12 (initial active 12) (12 cores per cpu, 2 threads per core) family 23 model 96 stepping 1 microcode 0x0, cx8, cmov, fxsr, ht, mmx, 3dnowpref, sse, sse2, sse3, ssse3, sse4a, sse4.1, sse4.2, popcnt, lzcnt, tsc, tscinvbit, avx, avx2, aes, clmul, bmi1, bmi2, adx, sha, fma, vzeroupper, clflush, clflushopt, hv, rdtscp, rdpid, f16c
Processor Information for all 12 processors :
  Max Mhz: 3000, Current Mhz: 3000, Mhz Limit: 3000

Memory: 4k page, system-wide physical 15741M (1117M free)
TotalPageFile size 24928M (AvailPageFile size 1M)
current process WorkingSet (physical memory assigned to process): 247M, peak: 247M
current process commit charge ("private bytes"): 293M, peak: 404M

vm_info: Java HotSpot(TM) 64-Bit Server VM (21.0.7+8-LTS-245) for windows-amd64 JRE (21.0.7+8-LTS-245), built on 2025-02-21T05:11:27Z by "mach5one" with MS VC++ 17.6 (VS2022)

END.
